[2016.03.04-17.40.35:142][  0]Log file open, 03/04/16 18:40:35
[2016.03.04-17.40.35:142][  0]LogInit:Display: Running engine for game: Deluge
[2016.03.04-17.40.35:142][  0]LogPlatformFile: Not using cached read wrapper
[2016.03.04-17.40.35:142][  0]LogInit:Display: RandInit(384008091) SRandInit(384008094).
[2016.03.04-17.40.35:142][  0]LogTaskGraph: Started task graph with 4 named threads and 8 total threads.
[2016.03.04-17.40.35:142][  0]LogStats: Stats thread started at 0.123089
[2016.03.04-17.40.35:142][  0]LogInit: Version: 4.10.4-2872498+++depot+UE4-Releases+4.10
[2016.03.04-17.40.35:142][  0]LogInit: API Version: 2758231
[2016.03.04-17.40.35:142][  0]LogInit: Compiled (64-bit): Feb 18 2016 15:47:04
[2016.03.04-17.40.35:142][  0]LogInit: Compiled with Visual C++: 19.00.23026.00
[2016.03.04-17.40.35:142][  0]LogInit: Build Configuration: Development
[2016.03.04-17.40.35:142][  0]LogInit: Branch Name: ++depot+UE4-Releases+4.10
[2016.03.04-17.40.35:142][  0]LogInit: Command line:  
[2016.03.04-17.40.35:142][  0]LogInit: Base directory: C:/Program Files/Epic Games/4.10/Engine/Binaries/Win64/
[2016.03.04-17.40.35:143][  0]LogInit: Rocket: 1
[2016.03.04-17.40.35:188][  0]LogInit: Using libcurl 7.41.0
[2016.03.04-17.40.35:188][  0]LogInit:  - built for x86_64-pc-win32
[2016.03.04-17.40.35:188][  0]LogInit:  - supports SSL with WinSSL
[2016.03.04-17.40.35:188][  0]LogInit:  - other features:
[2016.03.04-17.40.35:188][  0]LogInit:      CURL_VERSION_SSL
[2016.03.04-17.40.35:188][  0]LogInit:      CURL_VERSION_IPV6
[2016.03.04-17.40.35:188][  0]LogInit:      CURL_VERSION_ASYNCHDNS
[2016.03.04-17.40.35:188][  0]LogInit:      CURL_VERSION_LARGEFILE
[2016.03.04-17.40.35:188][  0]LogInit:      CURL_VERSION_IDN
[2016.03.04-17.40.35:188][  0]LogInit:  CurlRequestOptions (configurable via config and command line):
[2016.03.04-17.40.35:188][  0]LogInit:  - bVerifyPeer = true  - Libcurl will verify peer certificate
[2016.03.04-17.40.35:188][  0]LogInit:  - bUseHttpProxy = false  - Libcurl will NOT use HTTP proxy
[2016.03.04-17.40.35:188][  0]LogInit:  - bDontReuseConnections = false  - Libcurl will reuse connections
[2016.03.04-17.40.35:188][  0]LogInit:  - CertBundlePath = nullptr  - Libcurl will use whatever was configured at build time.
[2016.03.04-17.40.35:202][  0]LogOnline:Display: STEAM: Loading Steam SDK 1.32
[2016.03.04-17.40.35:203][  0]LogOnline:Warning: STEAM: Steam API disabled!
[2016.03.04-17.40.35:203][  0]LogOnline:Display: STEAM: OnlineSubsystemSteam::Shutdown()
[2016.03.04-17.40.35:225][  0]LogInit: WinSock: version 1.1 (2.2), MaxSocks=32767, MaxUdp=65467
[2016.03.04-17.40.35:234][  0]LogVoice:Warning: Failed to initialize voice interface
[2016.03.04-17.40.35:241][  0]LogInit: Presizing for 0 objects not considered by GC, pre-allocating 0 bytes.
[2016.03.04-17.40.35:255][  0]LogInit: Object subsystem initialized
[2016.03.04-17.40.35:259][  0]LogInit: Selected Device Profile: [Windows]
[2016.03.04-17.40.35:259][  0]LogInit: Applying CVar settings loaded from the selected device profile: [Windows]
[2016.03.04-17.40.35:277][  0]LogInit: Computer: DESKTOP-EQTRUAU
[2016.03.04-17.40.35:277][  0]LogInit: User: mike
[2016.03.04-17.40.35:277][  0]LogInit: CPU Page size=4096, Cores=6
[2016.03.04-17.40.35:278][  0]LogInit: High frequency timer resolution =2.743589 MHz
[2016.03.04-17.40.35:278][  0]LogMemory: Memory total: Physical=8.0GB (8GB approx)
[2016.03.04-17.40.35:278][  0]LogMemory: Platform Memory Stats for Windows
[2016.03.04-17.40.35:278][  0]LogMemory: Process Physical Memory: 58.59 MB used, 58.59 MB peak
[2016.03.04-17.40.35:278][  0]LogMemory: Process Virtual Memory: 57.99 MB used, 57.99 MB peak
[2016.03.04-17.40.35:278][  0]LogMemory: Physical Memory: 3063.80 MB used, 8190.11 MB total
[2016.03.04-17.40.35:278][  0]LogMemory: Virtual Memory: 383.77 MB used, 134217728.00 MB total
[2016.03.04-17.40.35:343][  0]LogTextLocalizationManager: No translations for ('de-AT') exist, falling back to 'en' for localization and internationalization data.
[2016.03.04-17.40.36:252][  0]LogD3D11RHI: Found D3D11 adapter 0: NVIDIA GeForce GTX 760 (Feature Level 11_0)
[2016.03.04-17.40.36:252][  0]LogD3D11RHI: Adapter has 1989MB of dedicated video memory, 0MB of dedicated system memory, and 4095MB of shared system memory, 2 output[s]
[2016.03.04-17.40.36:254][  0]LogD3D11RHI: Found D3D11 adapter 1: Microsoft Basic Render Driver (Feature Level 11_0)
[2016.03.04-17.40.36:254][  0]LogD3D11RHI: Adapter has 0MB of dedicated video memory, 0MB of dedicated system memory, and 4095MB of shared system memory, 0 output[s]
[2016.03.04-17.40.36:254][  0]LogD3D11RHI: Chosen D3D11 Adapter Id = 0
[2016.03.04-17.40.36:264][  0]LogD3D11RHI: !Direct3DDevice
[2016.03.04-17.40.36:264][  0]LogRHI: Texture pool is 1361 MB (70% of 1945 MB)
[2016.03.04-17.40.36:292][  0]LogD3D11RHI: Async texture creation enabled
[2016.03.04-17.40.37:569][  0]LogShaderCompilers: Guid format shader working directory is -16 characters bigger than the processId version (../../../../../../Users/mike/Documents/Unreal Projects/Deluge/Intermediate/Shaders/WorkingDirectory/4212/).
[2016.03.04-17.40.37:569][  0]LogShaderCompilers: Cleaned the shader compiler working directory 'C:/Users/mike/AppData/Local/Temp/UnrealShaderWorkingDir/E8A7A22F4006A03BC53323A7ED9E4CBE/'.
[2016.03.04-17.40.37:569][  0]LogShaderCompilers:Display: Using Local Shader Compiler.
[2016.03.04-17.40.39:193][  0]LogTemp:Display: Loaded TP AllDesktopTargetPlatform
[2016.03.04-17.40.39:203][  0]LogTemp:Display: Loaded TP WindowsClientTargetPlatform
[2016.03.04-17.40.39:214][  0]LogTemp:Display: Loaded TP WindowsNoEditorTargetPlatform
[2016.03.04-17.40.39:223][  0]LogTemp:Display: Loaded TP WindowsServerTargetPlatform
[2016.03.04-17.40.39:234][  0]LogTemp:Display: Loaded TP WindowsTargetPlatform
[2016.03.04-17.40.39:247][  0]LogTemp:Display: Loaded TP AndroidTargetPlatform
[2016.03.04-17.40.39:254][  0]LogTemp:Display: Loaded TP Android_ASTCTargetPlatform
[2016.03.04-17.40.39:267][  0]LogTemp:Display: Loaded TP Android_ATCTargetPlatform
[2016.03.04-17.40.39:278][  0]LogTemp:Display: Loaded TP Android_DXTTargetPlatform
[2016.03.04-17.40.39:290][  0]LogTemp:Display: Loaded TP Android_ETC1TargetPlatform
[2016.03.04-17.40.39:300][  0]LogTemp:Display: Loaded TP Android_ETC2TargetPlatform
[2016.03.04-17.40.39:321][  0]LogTemp:Display: Loaded TP Android_MultiTargetPlatform
[2016.03.04-17.40.39:321][  0]LogTemp:Display: Loaded TP Android_PVRTCTargetPlatform
[2016.03.04-17.40.39:323][  0]LogTemp:Display: Loaded TP HTML5TargetPlatform
[2016.03.04-17.40.39:350][  0]LogTemp:Display: Loaded TP IOSTargetPlatform
[2016.03.04-17.40.39:360][  0]LogTemp:Display: Loaded TP LinuxNoEditorTargetPlatform
[2016.03.04-17.40.39:371][  0]LogTemp:Display: Loaded TP LinuxServerTargetPlatform
[2016.03.04-17.40.39:387][  0]LogTemp:Display: Loaded TP LinuxTargetPlatform
[2016.03.04-17.40.39:387][  0]LogTargetPlatformManager:Display: Building Assets For Windows
[2016.03.04-17.40.39:577][  0]LogDerivedDataCache:Display: Max Cache Size: 512 MB
[2016.03.04-17.40.39:752][  0]LogDerivedDataCache: Loaded boot cache 0.17s 45MB C:/Users/mike/AppData/Local/UnrealEngine/4.10/DerivedDataCache/Boot.ddc.
[2016.03.04-17.40.39:752][  0]LogDerivedDataCache:Display: Loaded Boot cache: C:/Users/mike/AppData/Local/UnrealEngine/4.10/DerivedDataCache/Boot.ddc
[2016.03.04-17.40.39:752][  0]LogDerivedDataCache: FDerivedDataBackendGraph:  Pak pak cache file ../../../../../../Users/mike/Documents/Unreal Projects/Deluge/DerivedDataCache/DDC.ddp not found, will not use a pak cache.
[2016.03.04-17.40.39:752][  0]LogDerivedDataCache: Unable to find inner node Pak for hierarchical cache Hierarchy.
[2016.03.04-17.40.39:752][  0]LogDerivedDataCache: FDerivedDataBackendGraph:  CompressedPak pak cache file ../../../../../../Users/mike/Documents/Unreal Projects/Deluge/DerivedDataCache/Compressed.ddp not found, will not use a pak cache.
[2016.03.04-17.40.39:752][  0]LogDerivedDataCache: Unable to find inner node CompressedPak for hierarchical cache Hierarchy.
[2016.03.04-17.40.39:871][  0]LogDerivedDataCache:Display: Pak cache opened for reading ../../../Engine/DerivedDataCache/Compressed.ddp.
[2016.03.04-17.40.39:887][  0]LogDerivedDataCache: Using Local data cache path C:/Users/mike/AppData/Local/UnrealEngine/Common/DerivedDataCache: Writable
[2016.03.04-17.40.40:249][  0]LogInit: Selected Device Profile: [Windows]
[2016.03.04-17.40.40:254][  0]LogContentStreaming: Texture pool size is 0.000000MB
[2016.03.04-17.40.40:454][  0]LogMeshUtilities: No automatic mesh reduction module available
[2016.03.04-17.40.40:454][  0]LogMeshUtilities: No automatic mesh merging module available
[2016.03.04-17.40.42:302][  0]UdpMessaging: Initializing bridge on interface 0.0.0.0:0 to multicast group 230.0.0.1:6666.
[2016.03.04-17.40.42:429][  0]LogAssetRegistry: FAssetRegistry took 0.0121 seconds to start up
[2016.03.04-17.40.42:758][  0]SourceControl: Info Source control is disabled
[2016.03.04-17.40.42:836][  0]SourceControl: Info Source control is disabled
[2016.03.04-17.40.42:858][  0]SourceControl: Info Source control is disabled
[2016.03.04-17.40.42:880][  0]SourceControl: Info Source control is disabled
[2016.03.04-17.40.43:388][  0]LogObj: 28640 objects as part of root set at end of initial load.
[2016.03.04-17.40.43:388][  0]LogUObjectAllocator: 6315712 out of 0 bytes used by permanent object pool.
[2016.03.04-17.40.43:483][  0]LogEngine: Initializing Engine...
[2016.03.04-17.40.43:487][  0]LogHMD: Can't find Oculus library dev build: is proper Runtime installed? Version: 0.8.0.0
[2016.03.04-17.40.43:489][  0]LogHMD: SteamVR failed to initialize.  Err: 110
[2016.03.04-17.40.43:733][  0]LogAIModule: Creating AISystem for world NewWorld
[2016.03.04-17.40.43:754][  0]LogInit: XAudio2 using 'Lautsprecher (VIA HD Audio)' : 2 channels at 48 kHz using 32 bits per sample (channel mask 0x3)
[2016.03.04-17.40.43:769][  0]LogInit: FAudioDevice initialized.
[2016.03.04-17.40.43:845][  0]LogDerivedDataCache: Saved boot cache 0.08s 41MB C:/Users/mike/AppData/Local/UnrealEngine/4.10/DerivedDataCache/Boot.ddc.
[2016.03.04-17.40.43:870][  0]LogInit: Texture streaming: Enabled
[2016.03.04-17.40.43:884][  0]LogAnalytics: Creating configured Analytics provider AnalyticsET
[2016.03.04-17.40.43:884][  0]LogAnalytics: [UEEditor.Rocket.Release] APIServer = http://et2.epicgames.com/ET2/. AppVersion = 4.10.4-2872498+++depot+UE4-Releases+4.10
[2016.03.04-17.40.43:884][  0]LogAnalytics: [UEEditor.Rocket.Release] SetUserId e9c103cc4a7bfdb9667f4c93d4fe4a94|9965a4433f294ab4918ec7fd197501e9|b3429352-4a5d-4937-bcd4-644a47cc9371
[2016.03.04-17.40.43:884][  0]LogAnalytics: [UEEditor.Rocket.Release] AnalyticsET::StartSession
[2016.03.04-17.40.43:899][  0]LogInit: Transaction tracking system initialized
[2016.03.04-17.40.43:952][  0]BlueprintLog: New page: Editor Load
[2016.03.04-17.40.44:134][  0]LocalizationService: Info Localization service is disabled
[2016.03.04-17.40.44:278][  0]LogConsoleResponse:Display: 
[2016.03.04-17.40.44:460][  0]LogCook:Display: Done creating registry. It took  0.00s.
[2016.03.04-17.40.44:507][  0]LogFileCache: Scanning file cache for directory 'C:/Users/mike/Documents/Unreal Projects/Deluge/Content/' took 0.03s
[2016.03.04-17.40.44:571][  0]SourceControl: Info Source control is disabled
[2016.03.04-17.40.44:571][  0]Cmd: MAP LOAD FILE="../../../../../../Users/mike/Documents/Unreal Projects/Deluge/Content/DelugeBP/MainMenu/MainMenu.umap" TEMPLATE=0 SHOWPROGRESS=1 FEATURELEVEL=3
[2016.03.04-17.40.44:572][  0]LightingResults: New page: Lighting Build
[2016.03.04-17.40.44:577][  0]MapCheck: New page: Map Check
[2016.03.04-17.40.44:578][  0]LightingResults: New page: Lighting Build
[2016.03.04-17.40.44:601][  0]LogParticles: Destroying 0 GPU particle simulations for FXSystem 0x000000EEC6C0EAC0
[2016.03.04-17.40.45:879][  0]LogBlueprint:Warning: [compiler Ue4ASP_Character] Warning InputAction Event references unknown Action 'Crouch' for  InputAction Crouch 
[2016.03.04-17.40.45:886][  0]LogBlueprint:Warning: [compiler Ue4ASP_Character] Warning [0011.58] Compile of Ue4ASP_Character successful, but with 1 Warning(s) [in 14 ms]
[2016.03.04-17.40.45:887][  0]LogBlueprint:Warning: [compiler Ue4ASP_Character] Warning [0011.58] Compile of Ue4ASP_Character successful, but with 2 Warning(s) [in 0 ms]
[2016.03.04-17.40.45:887][  0]LogBlueprint:Warning: [compiler Ue4ASP_Character] Warning [0011.58] Compile of Ue4ASP_Character successful, but with 3 Warning(s) [in 0 ms]
[2016.03.04-17.40.46:273][  0]LogLinker:Warning: CreateExport: Failed to load Parent for Function /Game/DelugeBP/Blueprints/Weapon/Projectile/RifleProjectile.RifleProjectile_C:UserConstructionScript; removing parent information, but keeping function
[2016.03.04-17.40.46:282][  0]LogLinker:Warning: CreateExport: Failed to load Parent for Function /Game/DelugeBP/Blueprints/Weapon/BaseRifleWeapon.BaseRifleWeapon_C:UserConstructionScript; removing parent information, but keeping function
[2016.03.04-17.40.47:047][  0]LogBlueprint:Warning: [compiler Ue4ASP_Character] Warning InputAction Event references unknown Action 'Crouch' for  InputAction Crouch 
[2016.03.04-17.40.47:053][  0]LogBlueprint:Warning: [compiler Ue4ASP_Character] Warning [0012.75] Compile of Ue4ASP_Character successful, but with 1 Warning(s) [in 15 ms]
[2016.03.04-17.40.47:053][  0]LogBlueprint:Warning: [compiler Ue4ASP_Character] Warning [0012.75] Compile of Ue4ASP_Character successful, but with 2 Warning(s) [in 0 ms]
[2016.03.04-17.40.47:054][  0]LogBlueprint:Warning: [compiler Ue4ASP_Character] Warning [0012.75] Compile of Ue4ASP_Character successful, but with 3 Warning(s) [in 0 ms]
[2016.03.04-17.40.48:417][  0]LogAIModule: Creating AISystem for world MainMenu
[2016.03.04-17.40.48:419][  0]LogEditorServer: Finished looking for orphan Actors (0.000 secs)
[2016.03.04-17.40.48:421][  0]Cmd: MAP CHECKDEP NOCLEARLOG
[2016.03.04-17.40.48:552][  0]MapCheck: Info Map check complete: 0 Error(s), 0 Warning(s), took 131.394ms to complete.
[2016.03.04-17.40.48:553][  0]LogFileHelpers: Loading map 'MainMenu' took 3.981
[2016.03.04-17.40.48:734][  0]LogCollectionManager: Loaded 0 collections in 0.004223 seconds
[2016.03.04-17.40.48:784][  0]LogFileCache: Scanning file cache for directory 'C:/Users/mike/Documents/Unreal Projects/Deluge/Saved/Collections/' took 0.01s
[2016.03.04-17.40.48:784][  0]LogFileCache: Scanning file cache for directory 'C:/Users/mike/Documents/Unreal Projects/Deluge/Content/Developers/mike/Collections/' took 0.01s
[2016.03.04-17.40.48:784][  0]LogFileCache: Scanning file cache for directory 'C:/Users/mike/Documents/Unreal Projects/Deluge/Content/Collections/' took 0.01s
[2016.03.04-17.40.48:784][  0]LogCollectionManager: Rebuilt the GUID cache for 0 collections in 0.000003 seconds
[2016.03.04-17.40.48:802][  0]LogContentBrowser: Native class hierarchy populated in 0.0180 seconds. Added 1895 classes and 340 folders.
[2016.03.04-17.40.48:816][  0]LogContentBrowser: Native class hierarchy updated for 'WidgetCarousel' in 0.0006 seconds. Added 0 classes and 0 folders.
[2016.03.04-17.40.48:906][  0]LogContentBrowser: Native class hierarchy updated for 'AddContentDialog' in 0.0021 seconds. Added 0 classes and 0 folders.
[2016.03.04-17.40.48:913][  0]LogContentBrowser: Native class hierarchy updated for 'SceneOutliner' in 0.0006 seconds. Added 1 classes and 2 folders.
[2016.03.04-17.40.49:039][  0]LogCrashTracker: Crashtracker disabled due to settings.
[2016.03.04-17.40.49:047][  0]LogUObjectGlobals:Warning: Failed to find object 'Class None.'
[2016.03.04-17.40.49:074][  0]LogLoad: Full Startup: 14.77 seconds (BP compile: 1.41 seconds)
[2016.03.04-17.40.49:088][  0]LogOcInput: Can't find Oculus library dev build: is proper Runtime installed? Version: 0.8.0.0
[2016.03.04-17.40.49:212][  0]LogContentStreaming: Texture pool size now 1000 MB
[2016.03.04-17.40.49:479][  0]LogRenderer: Reallocating scene render targets to support 1112x580 (Frame:2).
[2016.03.04-17.40.50:483][ 15]LogAssetRegistry: Asset discovery search completed in 8.0664 seconds
[2016.03.04-17.40.50:483][ 15]LogCollectionManager: Rebuilt the object cache for 0 collections in 0.000002 seconds (found 0 objects)
[2016.03.04-17.40.50:483][ 15]LogCollectionManager: Fixed up redirectors for 0 collections in 0.000040 seconds (updated 0 objects)
[2016.03.04-17.41.12:053][581]LogLinker:Warning: Asset '../../../Engine/Content/ArtTools/RenderToTexture/Macros/RenderToTextureMacros.uasset' has been saved with empty engine version. The asset will be loaded but may be incompatible.
[2016.03.04-17.41.12:870][581]LogContentBrowser: Native class hierarchy updated for 'BlueprintGraph' in 0.0015 seconds. Added 107 classes and 0 folders.
[2016.03.04-17.41.41:458][523]LogSavePackage: Save=888.004333ms
[2016.03.04-17.41.41:458][523]LogSavePackage: Moving '../../../../../../Users/mike/Documents/Unreal Projects/Deluge/Saved/BasePlayerControllerDDF9C40148F3B07D2CE9F285E7D464A3.tmp' to '../../../../../../Users/mike/Documents/Unreal Projects/Deluge/Content/DelugeBP/Blueprints/Characters/Player/BasePlayerController.uasset'
[2016.03.04-17.41.41:467][523]LogSavePackage: Total save time: 964.469168ms
[2016.03.04-17.41.41:467][523]LogSavePackage:Display: Finished SavePackage ../../../../../../Users/mike/Documents/Unreal Projects/Deluge/Content/DelugeBP/Blueprints/Characters/Player/BasePlayerController.uasset
[2016.03.04-17.42.01:156][267]BlueprintLog: New page: Compile BasePlayerController
[2016.03.04-17.42.01:418][267]LogBlueprint:Error: [compiler BasePlayerController] Error Failed to find a class member to match  Weapon Data Weapon Mesh 
[2016.03.04-17.42.01:418][267]LogBlueprint:Error: [compiler BasePlayerController] Error Failed to find a class member to match  Weapon Data Weapon Fire Rate 
[2016.03.04-17.42.01:418][267]LogBlueprint:Error: [compiler BasePlayerController] Error Failed to find a class member to match  Weapon Data Weapon Damage Per Hit 
[2016.03.04-17.42.01:418][267]LogBlueprint:Error: [compiler BasePlayerController] Error Failed to find a class member to match  Weapon Data Weapon Type 
[2016.03.04-17.42.01:418][267]LogBlueprint:Error: [compiler BasePlayerController] Error Failed to find a class member to match  Weapon Data Damage Type 
[2016.03.04-17.42.01:418][267]LogBlueprint:Error: [compiler BasePlayerController] Error Failed to find a class member to match  Weapon Data Weapon Range 
[2016.03.04-17.42.01:418][267]LogBlueprint:Error: [compiler BasePlayerController] Error Failed to find a class member to match  Weapon Data Weapon Magazine Size 
[2016.03.04-17.42.01:418][267]LogBlueprint:Error: [compiler BasePlayerController] Error Failed to find a class member to match  Weapon Data Weapon Reset Time 
[2016.03.04-17.42.02:019][267]LogActorComponent: UnregisterComponent: (/Engine/Transient.CharMoveComp) Not registered. Aborting.
[2016.03.04-17.42.02:332][267]LogBlueprint:Warning: [compiler BasePlayerController] Warning [0088.03] Compile of BasePlayerController failed. 8 Fatal Issue(s) 0 Warning(s) [in 1,176 ms]
[2016.03.04-17.42.02:332][267]BlueprintEditorCompileResults: Info The execution path doesn't end with a return node.  Remote 
[2016.03.04-17.42.02:332][267]BlueprintEditorCompileResults:Error: Error Failed to find a class member to match  Weapon Data Weapon Mesh 
[2016.03.04-17.42.02:332][267]BlueprintEditorCompileResults:Error: Error Failed to find a class member to match  Weapon Data Weapon Fire Rate 
[2016.03.04-17.42.02:332][267]BlueprintEditorCompileResults:Error: Error Failed to find a class member to match  Weapon Data Weapon Damage Per Hit 
[2016.03.04-17.42.02:332][267]BlueprintEditorCompileResults:Error: Error Failed to find a class member to match  Weapon Data Weapon Type 
[2016.03.04-17.42.02:332][267]BlueprintEditorCompileResults:Error: Error Failed to find a class member to match  Weapon Data Damage Type 
[2016.03.04-17.42.02:332][267]BlueprintEditorCompileResults:Error: Error Failed to find a class member to match  Weapon Data Weapon Range 
[2016.03.04-17.42.02:332][267]BlueprintEditorCompileResults:Error: Error Failed to find a class member to match  Weapon Data Weapon Magazine Size 
[2016.03.04-17.42.02:332][267]BlueprintEditorCompileResults:Error: Error Failed to find a class member to match  Weapon Data Weapon Reset Time 
[2016.03.04-17.42.02:333][267]BlueprintEditorCompileResults:Warning: Warning [0088.03] Compile of BasePlayerController failed. 8 Fatal Issue(s) 0 Warning(s) [in 1,176 ms]
[2016.03.04-17.42.04:179][294]LogSavePackage: Save=840.445129ms
[2016.03.04-17.42.04:179][294]LogSavePackage: Moving '../../../../../../Users/mike/Documents/Unreal Projects/Deluge/Saved/BasePlayerControllerC9ECCAC1479203820E587CB836A0069E.tmp' to '../../../../../../Users/mike/Documents/Unreal Projects/Deluge/Content/DelugeBP/Blueprints/Characters/Player/BasePlayerController.uasset'
[2016.03.04-17.42.04:187][294]LogSavePackage: Total save time: 901.495449ms
[2016.03.04-17.42.04:187][294]LogSavePackage:Display: Finished SavePackage ../../../../../../Users/mike/Documents/Unreal Projects/Deluge/Content/DelugeBP/Blueprints/Characters/Player/BasePlayerController.uasset
[2016.03.04-17.42.23:686][ 87]BlueprintLog: New page: Compile BasePlayerController
[2016.03.04-17.42.24:351][ 87]BlueprintEditorCompileResults: Info The execution path doesn't end with a return node.  Remote 
[2016.03.04-17.42.24:351][ 87]BlueprintEditorCompileResults: Info [0110.05] Compile of BasePlayerController successful! [in 663 ms]
[2016.03.04-17.42.25:994][106]LogSavePackage: Save=834.840759ms
[2016.03.04-17.42.25:994][106]LogSavePackage: Moving '../../../../../../Users/mike/Documents/Unreal Projects/Deluge/Saved/BasePlayerController93F96B7F4D22ACE7C40E368ACFA58610.tmp' to '../../../../../../Users/mike/Documents/Unreal Projects/Deluge/Content/DelugeBP/Blueprints/Characters/Player/BasePlayerController.uasset'
[2016.03.04-17.42.26:002][106]LogSavePackage: Total save time: 888.350625ms
[2016.03.04-17.42.26:002][106]LogSavePackage:Display: Finished SavePackage ../../../../../../Users/mike/Documents/Unreal Projects/Deluge/Content/DelugeBP/Blueprints/Characters/Player/BasePlayerController.uasset
[2016.03.04-17.42.42:143][722]BlueprintLog: New page: Compile BasePlayerController
[2016.03.04-17.42.42:822][722]BlueprintEditorCompileResults: Info The execution path doesn't end with a return node.  Remote 
[2016.03.04-17.42.42:822][722]BlueprintEditorCompileResults: Info [0128.52] Compile of BasePlayerController successful! [in 678 ms]
[2016.03.04-17.42.44:333][733]LogSavePackage: Save=849.139587ms
[2016.03.04-17.42.44:333][733]LogSavePackage: Moving '../../../../../../Users/mike/Documents/Unreal Projects/Deluge/Saved/BasePlayerController42A9FD7447F1E79E5D7D28B2B73D2031.tmp' to '../../../../../../Users/mike/Documents/Unreal Projects/Deluge/Content/DelugeBP/Blueprints/Characters/Player/BasePlayerController.uasset'
[2016.03.04-17.42.44:340][733]LogSavePackage: Total save time: 905.780710ms
[2016.03.04-17.42.44:340][733]LogSavePackage:Display: Finished SavePackage ../../../../../../Users/mike/Documents/Unreal Projects/Deluge/Content/DelugeBP/Blueprints/Characters/Player/BasePlayerController.uasset
[2016.03.04-17.42.46:537][792]LogSavePackage: Save=171.954697ms
[2016.03.04-17.42.46:537][792]LogSavePackage: Moving '../../../../../../Users/mike/Documents/Unreal Projects/Deluge/Saved/UEDPCMainMenuF80048EC4F35D01499A0159C720C487F.tmp' to '../../../../../../Users/mike/Documents/Unreal Projects/Deluge/Saved/Autosaves/Game/DelugeBP/MainMenu/UEDPCMainMenu.umap'
[2016.03.04-17.42.46:541][792]LogSavePackage: Total save time: 221.895479ms
[2016.03.04-17.42.46:541][792]LogSavePackage:Display: Finished SavePackage ../../../../../../Users/mike/Documents/Unreal Projects/Deluge/Saved/Autosaves/Game/DelugeBP/MainMenu/UEDPCMainMenu.umap
[2016.03.04-17.44.06:769][196]BlueprintLog: New page: Compile BasePlayerController
[2016.03.04-17.44.07:477][196]BlueprintEditorCompileResults: Info The execution path doesn't end with a return node.  Remote 
[2016.03.04-17.44.07:477][196]BlueprintEditorCompileResults: Info [0213.17] Compile of BasePlayerController successful! [in 707 ms]
[2016.03.04-17.44.08:938][207]LogSavePackage: Save=828.348572ms
[2016.03.04-17.44.08:939][207]LogSavePackage: Moving '../../../../../../Users/mike/Documents/Unreal Projects/Deluge/Saved/BasePlayerController3E4F280A4E3D3F73E68DFD8A802D0D80.tmp' to '../../../../../../Users/mike/Documents/Unreal Projects/Deluge/Content/DelugeBP/Blueprints/Characters/Player/BasePlayerController.uasset'
[2016.03.04-17.44.08:948][207]LogSavePackage: Total save time: 883.658592ms
[2016.03.04-17.44.08:948][207]LogSavePackage:Display: Finished SavePackage ../../../../../../Users/mike/Documents/Unreal Projects/Deluge/Content/DelugeBP/Blueprints/Characters/Player/BasePlayerController.uasset
[2016.03.04-17.44.17:598][608]LogSavePackage: Save=4.106300ms
[2016.03.04-17.44.17:598][608]LogSavePackage: Moving '../../../../../../Users/mike/Documents/Unreal Projects/Deluge/Saved/SBaseWeaponDataF823456948F8FABFB3298CB6B3BF0E19.tmp' to '../../../../../../Users/mike/Documents/Unreal Projects/Deluge/Content/DelugeBP/Blueprints/Weapon/SBaseWeaponData.uasset'
[2016.03.04-17.44.17:602][608]LogSavePackage: Total save time: 52.814033ms
[2016.03.04-17.44.17:602][608]LogSavePackage:Display: Finished SavePackage ../../../../../../Users/mike/Documents/Unreal Projects/Deluge/Content/DelugeBP/Blueprints/Weapon/SBaseWeaponData.uasset
[2016.03.04-17.44.19:237][674]BlueprintLog: New page: Compile BasePlayerController
[2016.03.04-17.44.19:602][674]LogActorComponent: UnregisterComponent: (/Engine/Transient.CharMoveComp) Not registered. Aborting.
[2016.03.04-17.44.20:232][674]BlueprintEditorCompileResults: Info The execution path doesn't end with a return node.  Remote 
[2016.03.04-17.44.20:232][674]BlueprintEditorCompileResults: Info [0225.93] Compile of BasePlayerController successful! [in 994 ms]
[2016.03.04-17.44.21:709][687]LogSavePackage: Save=813.152039ms
[2016.03.04-17.44.21:709][687]LogSavePackage: Moving '../../../../../../Users/mike/Documents/Unreal Projects/Deluge/Saved/BasePlayerController8D6FA9A44D82F014A7B82EBE556D6482.tmp' to '../../../../../../Users/mike/Documents/Unreal Projects/Deluge/Content/DelugeBP/Blueprints/Characters/Player/BasePlayerController.uasset'
[2016.03.04-17.44.21:717][687]LogSavePackage: Total save time: 865.925252ms
[2016.03.04-17.44.21:717][687]LogSavePackage:Display: Finished SavePackage ../../../../../../Users/mike/Documents/Unreal Projects/Deluge/Content/DelugeBP/Blueprints/Characters/Player/BasePlayerController.uasset
[2016.03.04-17.44.24:984][711]LogSavePackage: Save=302.341217ms
[2016.03.04-17.44.24:984][711]LogSavePackage: Moving '../../../../../../Users/mike/Documents/Unreal Projects/Deluge/Saved/BasePlayerCharacter8A1A338F4DF850B15B6A0A862840300E.tmp' to '../../../../../../Users/mike/Documents/Unreal Projects/Deluge/Content/DelugeBP/Blueprints/Characters/Player/BasePlayerCharacter.uasset'
[2016.03.04-17.44.24:997][711]LogSavePackage: Total save time: 371.542893ms
[2016.03.04-17.44.24:997][711]LogSavePackage:Display: Finished SavePackage ../../../../../../Users/mike/Documents/Unreal Projects/Deluge/Content/DelugeBP/Blueprints/Characters/Player/BasePlayerCharacter.uasset
[2016.03.04-17.44.25:074][711]LogSavePackage: Save=11.466368ms
[2016.03.04-17.44.25:074][711]LogSavePackage: Moving '../../../../../../Users/mike/Documents/Unreal Projects/Deluge/Saved/BaseWeapon9F0EF348497DB63507923B82897493FC.tmp' to '../../../../../../Users/mike/Documents/Unreal Projects/Deluge/Content/DelugeBP/Blueprints/Weapon/BaseWeapon.uasset'
[2016.03.04-17.44.25:080][711]LogSavePackage: Total save time: 62.038083ms
[2016.03.04-17.44.25:081][711]LogSavePackage:Display: Finished SavePackage ../../../../../../Users/mike/Documents/Unreal Projects/Deluge/Content/DelugeBP/Blueprints/Weapon/BaseWeapon.uasset
[2016.03.04-17.44.25:086][711]LogActorComponent: UnregisterComponent: (/Engine/Transient.CharMoveComp) Not registered. Aborting.
[2016.03.04-17.44.25:445][711]LogSavePackage: Save=172.907455ms
[2016.03.04-17.44.25:445][711]LogSavePackage: Moving '../../../../../../Users/mike/Documents/Unreal Projects/Deluge/Saved/UEDPCMainMenuDA449EEF4FDEAEBA70981484BA2ACCD2.tmp' to '../../../../../../Users/mike/Documents/Unreal Projects/Deluge/Saved/Autosaves/Game/DelugeBP/MainMenu/UEDPCMainMenu.umap'
[2016.03.04-17.44.25:459][711]LogSavePacka